<html>
<head>
<title>TestNG:  Test</title>
<link href="../testng.css" rel="stylesheet" type="text/css" />
<link href="../my-testng.css" rel="stylesheet" type="text/css" />

<style type="text/css">
.log { display: none;} 
.stack-trace { display: none;} 
</style>
<script type="text/javascript">
<!--
function flip(e) {
  current = e.style.display;
  if (current == 'block') {
    e.style.display = 'none';
    return 0;
  }
  else {
    e.style.display = 'block';
    return 1;
  }
}

function toggleBox(szDivId, elem, msg1, msg2)
{
  var res = -1;  if (document.getElementById) {
    res = flip(document.getElementById(szDivId));
  }
  else if (document.all) {
    // this is the way old msie versions work
    res = flip(document.all[szDivId]);
  }
  if(elem) {
    if(res == 0) elem.innerHTML = msg1; else elem.innerHTML = msg2;
  }

}

function toggleAllBoxes() {
  if (document.getElementsByTagName) {
    d = document.getElementsByTagName('div');
    for (i = 0; i < d.length; i++) {
      if (d[i].className == 'log') {
        flip(d[i]);
      }
    }
  }
}

// -->
</script>

</head>
<body>
<h2 align='center'>Test</h2><table border='1' align="center">
<tr>
<td>Tests passed/Failed/Skipped:</td><td>5/1/1</td>
</tr><tr>
<td>Started on:</td><td>Thu Oct 03 19:19:12 EDT 2024</td>
</tr>
<tr><td>Total time:</td><td>87 seconds (87850 ms)</td>
</tr><tr>
<td>Included groups:</td><td></td>
</tr><tr>
<td>Excluded groups:</td><td></td>
</tr>
</table><p/>
<small><i>(Hover the method name to see the test class name)</i></small><p/>
<table width='100%' border='1' class='invocation-failed'>
<tr><td colspan='4' align='center'><b>FAILED TESTS</b></td></tr>
<tr><td><b>Test method</b></td>
<td width="30%"><b>Exception</b></td>
<td width="10%"><b>Time (seconds)</b></td>
<td><b>Instance</b></td>
</tr>
<tr>
<td title='seleniumpackage1.SeleniumProject1.Login_To_Amazon_test.Login()'><b>Login</b><br>Test class: seleniumpackage1.SeleniumProject1.Login_To_Amazon_test<br/>
<a href="#Output-627519623" onClick='toggleBox("Output-627519623", this, "Show output", "Hide output");'>Show output</a>

<a href="#Output-627519623" onClick="toggleAllBoxes();">Show all outputs</a>
<div class='log' id="Output-627519623">
Test case failed<br/>
</div>
</td>
<td><div><pre>java.lang.AssertionError: sorry expected [Amazon_login] but found [Online Shopping site in India: Shop Online for Mobiles, Books, Watches, Shoes and More - Amazon.in]
	at seleniumpackage1.SeleniumProject1.Login_To_Amazon_test.Login(Login_To_Amazon_test.java:19)
	at java.base/java.util.ArrayList.forEach(ArrayList.java:1597)
... Removed 30 stack frames</pre></div><a href='#' onClick='toggleBox("stack-trace627519623", this, "Click to show all stack frames", "Click to hide stack frames")'>Click to show all stack frames</a>
<div class='stack-trace' id='stack-trace627519623'><pre>java.lang.AssertionError: sorry expected [Amazon_login] but found [Online Shopping site in India: Shop Online for Mobiles, Books, Watches, Shoes and More - Amazon.in]
	at org.testng.Assert.fail(Assert.java:99)
	at org.testng.Assert.failNotEquals(Assert.java:1037)
	at org.testng.Assert.assertEqualsImpl(Assert.java:140)
	at org.testng.Assert.assertEquals(Assert.java:122)
	at org.testng.Assert.assertEquals(Assert.java:629)
	at seleniumpackage1.SeleniumProject1.Login_To_Amazon_test.Login(Login_To_Amazon_test.java:19)
	at java.base/jdk.internal.reflect.DirectMethodHandleAccessor.invoke(DirectMethodHandleAccessor.java:103)
	at java.base/java.lang.reflect.Method.invoke(Method.java:580)
	at org.testng.internal.MethodInvocationHelper.invokeMethod(MethodInvocationHelper.java:133)
	at org.testng.internal.TestInvoker.invokeMethod(TestInvoker.java:598)
	at org.testng.internal.TestInvoker.retryFailed(TestInvoker.java:213)
	at org.testng.internal.MethodRunner.runInSequence(MethodRunner.java:58)
	at org.testng.internal.TestInvoker$MethodInvocationAgent.invoke(TestInvoker.java:824)
	at org.testng.internal.TestInvoker.invokeTestMethods(TestInvoker.java:146)
	at org.testng.internal.TestMethodWorker.invokeTestMethods(TestMethodWorker.java:146)
	at org.testng.internal.TestMethodWorker.run(TestMethodWorker.java:128)
	at java.base/java.util.ArrayList.forEach(ArrayList.java:1597)
	at org.testng.TestRunner.privateRun(TestRunner.java:794)
	at org.testng.TestRunner.run(TestRunner.java:596)
	at org.testng.SuiteRunner.runTest(SuiteRunner.java:377)
	at org.testng.SuiteRunner.runSequentially(SuiteRunner.java:371)
	at org.testng.SuiteRunner.privateRun(SuiteRunner.java:332)
	at org.testng.SuiteRunner.run(SuiteRunner.java:276)
	at org.testng.SuiteRunnerWorker.runSuite(SuiteRunnerWorker.java:53)
	at org.testng.SuiteRunnerWorker.run(SuiteRunnerWorker.java:96)
	at org.testng.TestNG.runSuitesSequentially(TestNG.java:1212)
	at org.testng.TestNG.runSuitesLocally(TestNG.java:1134)
	at org.testng.TestNG.runSuites(TestNG.java:1063)
	at org.testng.TestNG.run(TestNG.java:1031)
	at org.testng.remote.AbstractRemoteTestNG.run(AbstractRemoteTestNG.java:115)
	at org.testng.remote.RemoteTestNG.initAndRun(RemoteTestNG.java:293)
	at org.testng.remote.RemoteTestNG.main(RemoteTestNG.java:91)
</pre></div></td>
<td>7</td>
<td>seleniumpackage1.SeleniumProject1.Login_To_Amazon_test@645aa696</td></tr>
</table><p>
<table width='100%' border='1' class='invocation-passed'>
<tr><td colspan='4' align='center'><b>PASSED TESTS</b></td></tr>
<tr><td><b>Test method</b></td>
<td width="30%"><b>Exception</b></td>
<td width="10%"><b>Time (seconds)</b></td>
<td><b>Instance</b></td>
</tr>
<tr>
<td title='seleniumpackage1.SeleniumProject1.Homepage_ClickSignin_Amazon.Create_New_Account()'><b>Create_New_Account</b><br>Test class: seleniumpackage1.SeleniumProject1.Homepage_ClickSignin_Amazon<br/>
<a href="#Output-110197684" onClick='toggleBox("Output-110197684", this, "Show output", "Hide output");'>Show output</a>

<a href="#Output-110197684" onClick="toggleAllBoxes();">Show all outputs</a>
<div class='log' id="Output-110197684">
Test case passed<br/>
</div>
</td>
<td></td>
<td>1</td>
<td>seleniumpackage1.SeleniumProject1.Homepage_ClickSignin_Amazon@5b218417</td></tr>
<tr>
<td title='seleniumpackage1.SeleniumProject1.Registration_test.New_User()'><b>New_User</b><br>Test class: seleniumpackage1.SeleniumProject1.Registration_test<br>Parameters: 9326623495, Amzpwd@10138789<br/>
<a href="#Output-1820355723" onClick='toggleBox("Output-1820355723", this, "Show output", "Hide output");'>Show output</a>

<a href="#Output-1820355723" onClick="toggleAllBoxes();">Show all outputs</a>
<div class='log' id="Output-1820355723">
Test case passed<br/>
</div>
</td>
<td></td>
<td>1</td>
<td>seleniumpackage1.SeleniumProject1.Registration_test@76b1e9b8</td></tr>
<tr>
<td title='seleniumpackage1.SeleniumProject1.Registration_test.New_User()'><b>New_User</b><br>Test class: seleniumpackage1.SeleniumProject1.Registration_test<br>Parameters: 9392661546, Abc<br/>
<a href="#Output-1713453581" onClick='toggleBox("Output-1713453581", this, "Show output", "Hide output");'>Show output</a>

<a href="#Output-1713453581" onClick="toggleAllBoxes();">Show all outputs</a>
<div class='log' id="Output-1713453581">
Test case passed<br/>
</div>
</td>
<td></td>
<td>2</td>
<td>seleniumpackage1.SeleniumProject1.Registration_test@76b1e9b8</td></tr>
<tr>
<td title='seleniumpackage1.SeleniumProject1.Edit_Profile_test.Edit_Profile()'><b>Edit_Profile</b><br>Test class: seleniumpackage1.SeleniumProject1.Edit_Profile_test<br/>
<a href="#Output-121113063" onClick='toggleBox("Output-121113063", this, "Show output", "Hide output");'>Show output</a>

<a href="#Output-121113063" onClick="toggleAllBoxes();">Show all outputs</a>
<div class='log' id="Output-121113063">
Test case passed<br/>
</div>
</td>
<td></td>
<td>17</td>
<td>seleniumpackage1.SeleniumProject1.Edit_Profile_test@6caf0677</td></tr>
<tr>
<td title='seleniumpackage1.SeleniumProject1.SearchPage_test.Search_Product()'><b>Search_Product</b><br>Test class: seleniumpackage1.SeleniumProject1.SearchPage_test<br/>
<a href="#Output-1555928242" onClick='toggleBox("Output-1555928242", this, "Show output", "Hide output");'>Show output</a>

<a href="#Output-1555928242" onClick="toggleAllBoxes();">Show all outputs</a>
<div class='log' id="Output-1555928242">
Test case passed<br/>
</div>
</td>
<td></td>
<td>13</td>
<td>seleniumpackage1.SeleniumProject1.SearchPage_test@413d1baf</td></tr>
</table><p>
<table width='100%' border='1' class='invocation-skipped'>
<tr><td colspan='4' align='center'><b>SKIPPED TESTS</b></td></tr>
<tr><td><b>Test method</b></td>
<td width="30%"><b>Exception</b></td>
<td width="10%"><b>Time (seconds)</b></td>
<td><b>Instance</b></td>
</tr>
<tr>
<td title='seleniumpackage1.SeleniumProject1.Login_To_Amazon_test.Login()'><b>Login</b><br>Test class: seleniumpackage1.SeleniumProject1.Login_To_Amazon_test</td>
<td><div><pre>java.lang.AssertionError: sorry expected [Amazon_login] but found [Online Shopping site in India: Shop Online for Mobiles, Books, Watches, Shoes and More - Amazon.in]
	at seleniumpackage1.SeleniumProject1.Login_To_Amazon_test.Login(Login_To_Amazon_test.java:19)
	at java.base/java.util.ArrayList.forEach(ArrayList.java:1597)
... Removed 30 stack frames</pre></div><a href='#' onClick='toggleBox("stack-trace1457499015", this, "Click to show all stack frames", "Click to hide stack frames")'>Click to show all stack frames</a>
<div class='stack-trace' id='stack-trace1457499015'><pre>java.lang.AssertionError: sorry expected [Amazon_login] but found [Online Shopping site in India: Shop Online for Mobiles, Books, Watches, Shoes and More - Amazon.in]
	at org.testng.Assert.fail(Assert.java:99)
	at org.testng.Assert.failNotEquals(Assert.java:1037)
	at org.testng.Assert.assertEqualsImpl(Assert.java:140)
	at org.testng.Assert.assertEquals(Assert.java:122)
	at org.testng.Assert.assertEquals(Assert.java:629)
	at seleniumpackage1.SeleniumProject1.Login_To_Amazon_test.Login(Login_To_Amazon_test.java:19)
	at java.base/jdk.internal.reflect.DirectMethodHandleAccessor.invoke(DirectMethodHandleAccessor.java:103)
	at java.base/java.lang.reflect.Method.invoke(Method.java:580)
	at org.testng.internal.MethodInvocationHelper.invokeMethod(MethodInvocationHelper.java:133)
	at org.testng.internal.TestInvoker.invokeMethod(TestInvoker.java:598)
	at org.testng.internal.TestInvoker.invokeTestMethod(TestInvoker.java:173)
	at org.testng.internal.MethodRunner.runInSequence(MethodRunner.java:46)
	at org.testng.internal.TestInvoker$MethodInvocationAgent.invoke(TestInvoker.java:824)
	at org.testng.internal.TestInvoker.invokeTestMethods(TestInvoker.java:146)
	at org.testng.internal.TestMethodWorker.invokeTestMethods(TestMethodWorker.java:146)
	at org.testng.internal.TestMethodWorker.run(TestMethodWorker.java:128)
	at java.base/java.util.ArrayList.forEach(ArrayList.java:1597)
	at org.testng.TestRunner.privateRun(TestRunner.java:794)
	at org.testng.TestRunner.run(TestRunner.java:596)
	at org.testng.SuiteRunner.runTest(SuiteRunner.java:377)
	at org.testng.SuiteRunner.runSequentially(SuiteRunner.java:371)
	at org.testng.SuiteRunner.privateRun(SuiteRunner.java:332)
	at org.testng.SuiteRunner.run(SuiteRunner.java:276)
	at org.testng.SuiteRunnerWorker.runSuite(SuiteRunnerWorker.java:53)
	at org.testng.SuiteRunnerWorker.run(SuiteRunnerWorker.java:96)
	at org.testng.TestNG.runSuitesSequentially(TestNG.java:1212)
	at org.testng.TestNG.runSuitesLocally(TestNG.java:1134)
	at org.testng.TestNG.runSuites(TestNG.java:1063)
	at org.testng.TestNG.run(TestNG.java:1031)
	at org.testng.remote.AbstractRemoteTestNG.run(AbstractRemoteTestNG.java:115)
	at org.testng.remote.RemoteTestNG.initAndRun(RemoteTestNG.java:293)
	at org.testng.remote.RemoteTestNG.main(RemoteTestNG.java:91)
</pre></div></td>
<td>7</td>
<td>seleniumpackage1.SeleniumProject1.Login_To_Amazon_test@645aa696</td></tr>
</table><p>
</body>
</html>