<?xml version="1.0" encoding="UTF-8"?>
<!-- Generated by org.testng.reporters.JUnitXMLReporter -->
<testsuite ignored="0" hostname="DESKTOP-BDB4V8B" failures="1" tests="7" name="Test" time="87.85" errors="0" timestamp="2024-10-03T19:20:40 EDT">
  <testcase classname="seleniumpackage1.SeleniumProject1.Registration_test" name="New_User" time="1.907"/>
  <testcase classname="seleniumpackage1.SeleniumProject1.Registration_test" name="New_User" time="2.55"/>
  <testcase classname="seleniumpackage1.SeleniumProject1.Homepage_ClickSignin_Amazon" name="Create_New_Account" time="1.569"/>
  <testcase classname="seleniumpackage1.SeleniumProject1.Login_To_Amazon_test" name="Login" time="7.093">
    <skipped/>
  </testcase> <!-- Login -->
  <testcase classname="seleniumpackage1.SeleniumProject1.Login_To_Amazon_test" name="Login" time="7.959">
    <failure type="java.lang.AssertionError" message="sorry expected [Amazon_login] but found [Online Shopping site in India: Shop Online for Mobiles, Books, Watches, Shoes and More - Amazon.in]">
      <![CDATA[java.lang.AssertionError: sorry expected [Amazon_login] but found [Online Shopping site in India: Shop Online for Mobiles, Books, Watches, Shoes and More - Amazon.in]
at seleniumpackage1.SeleniumProject1.Login_To_Amazon_test.Login(Login_To_Amazon_test.java:19)
at java.base/java.util.ArrayList.forEach(ArrayList.java:1597)
... Removed 30 stack frames]]>
    </failure>
  </testcase> <!-- Login -->
  <testcase classname="seleniumpackage1.SeleniumProject1.Edit_Profile_test" name="Edit_Profile" time="17.798"/>
  <testcase classname="seleniumpackage1.SeleniumProject1.SearchPage_test" name="Search_Product" time="13.607"/>
</testsuite> <!-- Test -->
