<html>
<head>
<title>TestNG:  Test</title>
<link href="../testng.css" rel="stylesheet" type="text/css" />
<link href="../my-testng.css" rel="stylesheet" type="text/css" />

<style type="text/css">
.log { display: none;} 
.stack-trace { display: none;} 
</style>
<script type="text/javascript">
<!--
function flip(e) {
  current = e.style.display;
  if (current == 'block') {
    e.style.display = 'none';
    return 0;
  }
  else {
    e.style.display = 'block';
    return 1;
  }
}

function toggleBox(szDivId, elem, msg1, msg2)
{
  var res = -1;  if (document.getElementById) {
    res = flip(document.getElementById(szDivId));
  }
  else if (document.all) {
    // this is the way old msie versions work
    res = flip(document.all[szDivId]);
  }
  if(elem) {
    if(res == 0) elem.innerHTML = msg1; else elem.innerHTML = msg2;
  }

}

function toggleAllBoxes() {
  if (document.getElementsByTagName) {
    d = document.getElementsByTagName('div');
    for (i = 0; i < d.length; i++) {
      if (d[i].className == 'log') {
        flip(d[i]);
      }
    }
  }
}

// -->
</script>

</head>
<body>
<h2 align='center'>Test</h2><table border='1' align="center">
<tr>
<td>Tests passed/Failed/Skipped:</td><td>5/1/1</td>
</tr><tr>
<td>Started on:</td><td>Thu Oct 03 19:25:08 EDT 2024</td>
</tr>
<tr><td>Total time:</td><td>88 seconds (88325 ms)</td>
</tr><tr>
<td>Included groups:</td><td></td>
</tr><tr>
<td>Excluded groups:</td><td></td>
</tr>
</table><p/>
<small><i>(Hover the method name to see the test class name)</i></small><p/>
<table width='100%' border='1' class='invocation-failed'>
<tr><td colspan='4' align='center'><b>FAILED TESTS</b></td></tr>
<tr><td><b>Test method</b></td>
<td><b>Attribute(s)</b></td>
<td width="30%"><b>Exception</b></td>
<td width="10%"><b>Time (seconds)</b></td>
<td><b>Instance</b></td>
</tr>
<tr>
<td title='seleniumpackage1.SeleniumProject1.Login_To_Amazon_test.Login()'><b>Login</b><br>Test class: seleniumpackage1.SeleniumProject1.Login_To_Amazon_test<br/>
<a href="#Output-1287875609" onClick='toggleBox("Output-1287875609", this, "Show output", "Hide output");'>Show output</a>

<a href="#Output-1287875609" onClick="toggleAllBoxes();">Show all outputs</a>
<div class='log' id="Output-1287875609">
Test case failed<br/>
</div>
</td>
<td><div><pre>java.lang.AssertionError: sorry expected [Amazon_login] but found [Online Shopping site in India: Shop Online for Mobiles, Books, Watches, Shoes and More - Amazon.in]
	at seleniumpackage1.SeleniumProject1.Login_To_Amazon_test.Login(Login_To_Amazon_test.java:19)
	at java.base/java.util.ArrayList.forEach(ArrayList.java:1597)
... Removed 34 stack frames</pre></div><a href='#' onClick='toggleBox("stack-trace1287875609", this, "Click to show all stack frames", "Click to hide stack frames")'>Click to show all stack frames</a>
<div class='stack-trace' id='stack-trace1287875609'><pre>java.lang.AssertionError: sorry expected [Amazon_login] but found [Online Shopping site in India: Shop Online for Mobiles, Books, Watches, Shoes and More - Amazon.in]
	at org.testng.Assert.fail(Assert.java:111)
	at org.testng.Assert.failNotEquals(Assert.java:1578)
	at org.testng.Assert.assertEqualsImpl(Assert.java:150)
	at org.testng.Assert.assertEquals(Assert.java:132)
	at org.testng.Assert.assertEquals(Assert.java:656)
	at seleniumpackage1.SeleniumProject1.Login_To_Amazon_test.Login(Login_To_Amazon_test.java:19)
	at java.base/jdk.internal.reflect.DirectMethodHandleAccessor.invoke(DirectMethodHandleAccessor.java:103)
	at java.base/java.lang.reflect.Method.invoke(Method.java:580)
	at org.testng.internal.invokers.MethodInvocationHelper.invokeMethod(MethodInvocationHelper.java:139)
	at org.testng.internal.invokers.TestInvoker.invokeMethod(TestInvoker.java:664)
	at org.testng.internal.invokers.TestInvoker.retryFailed(TestInvoker.java:248)
	at org.testng.internal.invokers.MethodRunner.runInSequence(MethodRunner.java:62)
	at org.testng.internal.invokers.TestInvoker$MethodInvocationAgent.invoke(TestInvoker.java:957)
	at org.testng.internal.invokers.TestInvoker.invokeTestMethods(TestInvoker.java:200)
	at org.testng.internal.invokers.TestMethodWorker.invokeTestMethods(TestMethodWorker.java:148)
	at org.testng.internal.invokers.TestMethodWorker.run(TestMethodWorker.java:128)
	at java.base/java.util.ArrayList.forEach(ArrayList.java:1597)
	at org.testng.TestRunner.privateRun(TestRunner.java:848)
	at org.testng.TestRunner.run(TestRunner.java:621)
	at org.testng.SuiteRunner.runTest(SuiteRunner.java:443)
	at org.testng.SuiteRunner.runSequentially(SuiteRunner.java:437)
	at org.testng.SuiteRunner.privateRun(SuiteRunner.java:397)
	at org.testng.SuiteRunner.run(SuiteRunner.java:336)
	at org.testng.SuiteRunnerWorker.runSuite(SuiteRunnerWorker.java:52)
	at org.testng.SuiteRunnerWorker.run(SuiteRunnerWorker.java:95)
	at org.testng.TestNG.runSuitesSequentially(TestNG.java:1280)
	at org.testng.TestNG.runSuitesLocally(TestNG.java:1200)
	at org.testng.TestNG.runSuites(TestNG.java:1114)
	at org.testng.TestNG.run(TestNG.java:1082)
	at org.apache.maven.surefire.testng.TestNGExecutor.run(TestNGExecutor.java:324)
	at org.apache.maven.surefire.testng.TestNGXmlTestSuite.execute(TestNGXmlTestSuite.java:74)
	at org.apache.maven.surefire.testng.TestNGProvider.invoke(TestNGProvider.java:123)
	at org.apache.maven.surefire.booter.ForkedBooter.runSuitesInProcess(ForkedBooter.java:456)
	at org.apache.maven.surefire.booter.ForkedBooter.execute(ForkedBooter.java:169)
	at org.apache.maven.surefire.booter.ForkedBooter.run(ForkedBooter.java:595)
	at org.apache.maven.surefire.booter.ForkedBooter.main(ForkedBooter.java:581)
</pre></div></td>
<td>8</td>
<td>seleniumpackage1.SeleniumProject1.Login_To_Amazon_test@3e27ba32</td></tr>
</table><p>
<table width='100%' border='1' class='invocation-passed'>
<tr><td colspan='4' align='center'><b>PASSED TESTS</b></td></tr>
<tr><td><b>Test method</b></td>
<td><b>Attribute(s)</b></td>
<td width="30%"><b>Exception</b></td>
<td width="10%"><b>Time (seconds)</b></td>
<td><b>Instance</b></td>
</tr>
<tr>
<td title='seleniumpackage1.SeleniumProject1.Registration_test.New_User()'><b>New_User</b><br>Test class: seleniumpackage1.SeleniumProject1.Registration_test<br>Parameters: 9392661546, Abc<br/>
<a href="#Output-2189588" onClick='toggleBox("Output-2189588", this, "Show output", "Hide output");'>Show output</a>

<a href="#Output-2189588" onClick="toggleAllBoxes();">Show all outputs</a>
<div class='log' id="Output-2189588">
Test case passed<br/>
</div>
</td>
<td></td>
<td>2</td>
<td>seleniumpackage1.SeleniumProject1.Registration_test@6574a52c</td></tr>
<tr>
<td title='seleniumpackage1.SeleniumProject1.Homepage_ClickSignin_Amazon.Create_New_Account()'><b>Create_New_Account</b><br>Test class: seleniumpackage1.SeleniumProject1.Homepage_ClickSignin_Amazon<br/>
<a href="#Output-1422883946" onClick='toggleBox("Output-1422883946", this, "Show output", "Hide output");'>Show output</a>

<a href="#Output-1422883946" onClick="toggleAllBoxes();">Show all outputs</a>
<div class='log' id="Output-1422883946">
Test case passed<br/>
</div>
</td>
<td></td>
<td>1</td>
<td>seleniumpackage1.SeleniumProject1.Homepage_ClickSignin_Amazon@117159c0</td></tr>
<tr>
<td title='seleniumpackage1.SeleniumProject1.SearchPage_test.Search_Product()'><b>Search_Product</b><br>Test class: seleniumpackage1.SeleniumProject1.SearchPage_test<br/>
<a href="#Output-619621481" onClick='toggleBox("Output-619621481", this, "Show output", "Hide output");'>Show output</a>

<a href="#Output-619621481" onClick="toggleAllBoxes();">Show all outputs</a>
<div class='log' id="Output-619621481">
Test case passed<br/>
</div>
</td>
<td></td>
<td>11</td>
<td>seleniumpackage1.SeleniumProject1.SearchPage_test@3b0fe47a</td></tr>
<tr>
<td title='seleniumpackage1.SeleniumProject1.Registration_test.New_User()'><b>New_User</b><br>Test class: seleniumpackage1.SeleniumProject1.Registration_test<br>Parameters: 9326623495, Amzpwd@10138789<br/>
<a href="#Output-1195670735" onClick='toggleBox("Output-1195670735", this, "Show output", "Hide output");'>Show output</a>

<a href="#Output-1195670735" onClick="toggleAllBoxes();">Show all outputs</a>
<div class='log' id="Output-1195670735">
Test case passed<br/>
</div>
</td>
<td></td>
<td>2</td>
<td>seleniumpackage1.SeleniumProject1.Registration_test@6574a52c</td></tr>
<tr>
<td title='seleniumpackage1.SeleniumProject1.Edit_Profile_test.Edit_Profile()'><b>Edit_Profile</b><br>Test class: seleniumpackage1.SeleniumProject1.Edit_Profile_test<br/>
<a href="#Output-789502290" onClick='toggleBox("Output-789502290", this, "Show output", "Hide output");'>Show output</a>

<a href="#Output-789502290" onClick="toggleAllBoxes();">Show all outputs</a>
<div class='log' id="Output-789502290">
Test case passed<br/>
</div>
</td>
<td></td>
<td>17</td>
<td>seleniumpackage1.SeleniumProject1.Edit_Profile_test@7ef82753</td></tr>
</table><p>
<table width='100%' border='1' class='invocation-skipped'>
<tr><td colspan='4' align='center'><b>SKIPPED TESTS</b></td></tr>
<tr><td><b>Test method</b></td>
<td><b>Attribute(s)</b></td>
<td width="30%"><b>Exception</b></td>
<td width="10%"><b>Time (seconds)</b></td>
<td><b>Instance</b></td>
</tr>
<tr>
<td title='seleniumpackage1.SeleniumProject1.Login_To_Amazon_test.Login()'><b>Login</b><br>Test class: seleniumpackage1.SeleniumProject1.Login_To_Amazon_test</td>
<td><div><pre>java.lang.AssertionError: sorry expected [Amazon_login] but found [Online Shopping site in India: Shop Online for Mobiles, Books, Watches, Shoes and More - Amazon.in]
	at seleniumpackage1.SeleniumProject1.Login_To_Amazon_test.Login(Login_To_Amazon_test.java:19)
	at java.base/java.util.ArrayList.forEach(ArrayList.java:1597)
... Removed 34 stack frames</pre></div><a href='#' onClick='toggleBox("stack-trace203924386", this, "Click to show all stack frames", "Click to hide stack frames")'>Click to show all stack frames</a>
<div class='stack-trace' id='stack-trace203924386'><pre>java.lang.AssertionError: sorry expected [Amazon_login] but found [Online Shopping site in India: Shop Online for Mobiles, Books, Watches, Shoes and More - Amazon.in]
	at org.testng.Assert.fail(Assert.java:111)
	at org.testng.Assert.failNotEquals(Assert.java:1578)
	at org.testng.Assert.assertEqualsImpl(Assert.java:150)
	at org.testng.Assert.assertEquals(Assert.java:132)
	at org.testng.Assert.assertEquals(Assert.java:656)
	at seleniumpackage1.SeleniumProject1.Login_To_Amazon_test.Login(Login_To_Amazon_test.java:19)
	at java.base/jdk.internal.reflect.DirectMethodHandleAccessor.invoke(DirectMethodHandleAccessor.java:103)
	at java.base/java.lang.reflect.Method.invoke(Method.java:580)
	at org.testng.internal.invokers.MethodInvocationHelper.invokeMethod(MethodInvocationHelper.java:139)
	at org.testng.internal.invokers.TestInvoker.invokeMethod(TestInvoker.java:664)
	at org.testng.internal.invokers.TestInvoker.invokeTestMethod(TestInvoker.java:227)
	at org.testng.internal.invokers.MethodRunner.runInSequence(MethodRunner.java:50)
	at org.testng.internal.invokers.TestInvoker$MethodInvocationAgent.invoke(TestInvoker.java:957)
	at org.testng.internal.invokers.TestInvoker.invokeTestMethods(TestInvoker.java:200)
	at org.testng.internal.invokers.TestMethodWorker.invokeTestMethods(TestMethodWorker.java:148)
	at org.testng.internal.invokers.TestMethodWorker.run(TestMethodWorker.java:128)
	at java.base/java.util.ArrayList.forEach(ArrayList.java:1597)
	at org.testng.TestRunner.privateRun(TestRunner.java:848)
	at org.testng.TestRunner.run(TestRunner.java:621)
	at org.testng.SuiteRunner.runTest(SuiteRunner.java:443)
	at org.testng.SuiteRunner.runSequentially(SuiteRunner.java:437)
	at org.testng.SuiteRunner.privateRun(SuiteRunner.java:397)
	at org.testng.SuiteRunner.run(SuiteRunner.java:336)
	at org.testng.SuiteRunnerWorker.runSuite(SuiteRunnerWorker.java:52)
	at org.testng.SuiteRunnerWorker.run(SuiteRunnerWorker.java:95)
	at org.testng.TestNG.runSuitesSequentially(TestNG.java:1280)
	at org.testng.TestNG.runSuitesLocally(TestNG.java:1200)
	at org.testng.TestNG.runSuites(TestNG.java:1114)
	at org.testng.TestNG.run(TestNG.java:1082)
	at org.apache.maven.surefire.testng.TestNGExecutor.run(TestNGExecutor.java:324)
	at org.apache.maven.surefire.testng.TestNGXmlTestSuite.execute(TestNGXmlTestSuite.java:74)
	at org.apache.maven.surefire.testng.TestNGProvider.invoke(TestNGProvider.java:123)
	at org.apache.maven.surefire.booter.ForkedBooter.runSuitesInProcess(ForkedBooter.java:456)
	at org.apache.maven.surefire.booter.ForkedBooter.execute(ForkedBooter.java:169)
	at org.apache.maven.surefire.booter.ForkedBooter.run(ForkedBooter.java:595)
	at org.apache.maven.surefire.booter.ForkedBooter.main(ForkedBooter.java:581)
</pre></div></td>
<td>8</td>
<td>seleniumpackage1.SeleniumProject1.Login_To_Amazon_test@3e27ba32</td></tr>
</table><p>
</body>
</html>