<?xml version="1.0" encoding="UTF-8"?>
<testng-results retried="1" ignored="1" total="8" passed="5" failed="1" skipped="0">
  <reporter-output>
    <line>
      <![CDATA[Test case passed]]>
    </line>
    <line>
      <![CDATA[Test case passed]]>
    </line>
    <line>
      <![CDATA[Test case passed]]>
    </line>
    <line>
      <![CDATA[Test case failed]]>
    </line>
    <line>
      <![CDATA[Test case passed]]>
    </line>
    <line>
      <![CDATA[Test case passed]]>
    </line>
  </reporter-output>
  <suite started-at="2024-10-03T19:25:08 EDT" name="Suite" finished-at="2024-10-03T19:26:36 EDT" duration-ms="88325">
    <groups>
    </groups>
    <test started-at="2024-10-03T19:25:08 EDT" name="Test" finished-at="2024-10-03T19:26:36 EDT" duration-ms="88325">
      <class name="seleniumpackage1.SeleniumProject1.Registration_test">
        <test-method is-config="true" signature="launch()[pri:0, instance:seleniumpackage1.SeleniumProject1.Registration_test@6574a52c]" started-at="2024-10-03T19:25:09 EDT" name="launch" finished-at="2024-10-03T19:25:13 EDT" duration-ms="4217" status="PASS">
          <reporter-output>
          </reporter-output>
        </test-method> <!-- launch -->
        <test-method signature="New_User(java.lang.String,java.lang.String)[pri:0, instance:seleniumpackage1.SeleniumProject1.Registration_test@6574a52c]" started-at="2024-10-03T19:25:13 EDT" name="New_User" data-provider="inputs" finished-at="2024-10-03T19:25:15 EDT" duration-ms="2160" status="PASS">
          <params>
            <param index="0">
              <value>
                <![CDATA[9326623495]]>
              </value>
            </param>
            <param index="1">
              <value>
                <![CDATA[Amzpwd@10138789]]>
              </value>
            </param>
          </params>
          <reporter-output>
            <line>
              <![CDATA[Test case passed]]>
            </line>
          </reporter-output>
        </test-method> <!-- New_User -->
        <test-method is-config="true" signature="logout()[pri:0, instance:seleniumpackage1.SeleniumProject1.Registration_test@6574a52c]" started-at="2024-10-03T19:25:16 EDT" name="logout" finished-at="2024-10-03T19:25:16 EDT" duration-ms="1" status="PASS">
          <reporter-output>
          </reporter-output>
        </test-method> <!-- logout -->
        <test-method is-config="true" signature="launch()[pri:0, instance:seleniumpackage1.SeleniumProject1.Registration_test@6574a52c]" started-at="2024-10-03T19:25:16 EDT" name="launch" finished-at="2024-10-03T19:25:19 EDT" duration-ms="3532" status="PASS">
          <reporter-output>
          </reporter-output>
        </test-method> <!-- launch -->
        <test-method signature="New_User(java.lang.String,java.lang.String)[pri:0, instance:seleniumpackage1.SeleniumProject1.Registration_test@6574a52c]" started-at="2024-10-03T19:25:19 EDT" name="New_User" data-provider="inputs" finished-at="2024-10-03T19:25:22 EDT" duration-ms="2335" status="PASS">
          <params>
            <param index="0">
              <value>
                <![CDATA[9392661546]]>
              </value>
            </param>
            <param index="1">
              <value>
                <![CDATA[Abc]]>
              </value>
            </param>
          </params>
          <reporter-output>
            <line>
              <![CDATA[Test case passed]]>
            </line>
          </reporter-output>
        </test-method> <!-- New_User -->
        <test-method is-config="true" signature="logout()[pri:0, instance:seleniumpackage1.SeleniumProject1.Registration_test@6574a52c]" started-at="2024-10-03T19:25:22 EDT" name="logout" finished-at="2024-10-03T19:25:22 EDT" duration-ms="1" status="PASS">
          <reporter-output>
          </reporter-output>
        </test-method> <!-- logout -->
      </class> <!-- seleniumpackage1.SeleniumProject1.Registration_test -->
      <class name="seleniumpackage1.SeleniumProject1.SearchPage_test">
        <test-method is-config="true" signature="launch()[pri:0, instance:seleniumpackage1.SeleniumProject1.SearchPage_test@3b0fe47a]" started-at="2024-10-03T19:26:20 EDT" name="launch" finished-at="2024-10-03T19:26:25 EDT" duration-ms="4594" status="PASS">
          <reporter-output>
          </reporter-output>
        </test-method> <!-- launch -->
        <test-method signature="Search_Product()[pri:0, instance:seleniumpackage1.SeleniumProject1.SearchPage_test@3b0fe47a]" started-at="2024-10-03T19:26:25 EDT" name="Search_Product" finished-at="2024-10-03T19:26:36 EDT" duration-ms="11017" status="PASS">
          <reporter-output>
            <line>
              <![CDATA[Test case passed]]>
            </line>
          </reporter-output>
        </test-method> <!-- Search_Product -->
        <test-method is-config="true" signature="logout()[pri:0, instance:seleniumpackage1.SeleniumProject1.SearchPage_test@3b0fe47a]" started-at="2024-10-03T19:26:36 EDT" name="logout" finished-at="2024-10-03T19:26:36 EDT" duration-ms="0" status="PASS">
          <reporter-output>
          </reporter-output>
        </test-method> <!-- logout -->
      </class> <!-- seleniumpackage1.SeleniumProject1.SearchPage_test -->
      <class name="seleniumpackage1.SeleniumProject1.Edit_Profile_test">
        <test-method is-config="true" signature="launch()[pri:0, instance:seleniumpackage1.SeleniumProject1.Edit_Profile_test@7ef82753]" started-at="2024-10-03T19:25:56 EDT" name="launch" finished-at="2024-10-03T19:26:03 EDT" duration-ms="6455" status="PASS">
          <reporter-output>
          </reporter-output>
        </test-method> <!-- launch -->
        <test-method signature="Edit_Profile()[pri:0, instance:seleniumpackage1.SeleniumProject1.Edit_Profile_test@7ef82753]" started-at="2024-10-03T19:26:03 EDT" name="Edit_Profile" finished-at="2024-10-03T19:26:20 EDT" duration-ms="17360" status="PASS">
          <reporter-output>
            <line>
              <![CDATA[Test case passed]]>
            </line>
          </reporter-output>
        </test-method> <!-- Edit_Profile -->
        <test-method is-config="true" signature="logout()[pri:0, instance:seleniumpackage1.SeleniumProject1.Edit_Profile_test@7ef82753]" started-at="2024-10-03T19:26:20 EDT" name="logout" finished-at="2024-10-03T19:26:20 EDT" duration-ms="0" status="PASS">
          <reporter-output>
          </reporter-output>
        </test-method> <!-- logout -->
      </class> <!-- seleniumpackage1.SeleniumProject1.Edit_Profile_test -->
      <class name="seleniumpackage1.SeleniumProject1.Homepage_ClickSignin_Amazon">
        <test-method is-config="true" signature="launch()[pri:0, instance:seleniumpackage1.SeleniumProject1.Homepage_ClickSignin_Amazon@117159c0]" started-at="2024-10-03T19:25:22 EDT" name="launch" finished-at="2024-10-03T19:25:26 EDT" duration-ms="4701" status="PASS">
          <reporter-output>
          </reporter-output>
        </test-method> <!-- launch -->
        <test-method signature="Create_New_Account()[pri:0, instance:seleniumpackage1.SeleniumProject1.Homepage_ClickSignin_Amazon@117159c0]" started-at="2024-10-03T19:25:26 EDT" name="Create_New_Account" finished-at="2024-10-03T19:25:28 EDT" duration-ms="1517" status="PASS">
          <reporter-output>
            <line>
              <![CDATA[Test case passed]]>
            </line>
          </reporter-output>
        </test-method> <!-- Create_New_Account -->
        <test-method is-config="true" signature="logout()[pri:0, instance:seleniumpackage1.SeleniumProject1.Homepage_ClickSignin_Amazon@117159c0]" started-at="2024-10-03T19:25:28 EDT" name="logout" finished-at="2024-10-03T19:25:28 EDT" duration-ms="1" status="PASS">
          <reporter-output>
          </reporter-output>
        </test-method> <!-- logout -->
      </class> <!-- seleniumpackage1.SeleniumProject1.Homepage_ClickSignin_Amazon -->
      <class name="seleniumpackage1.SeleniumProject1.Login_To_Amazon_test">
        <test-method is-config="true" signature="launch()[pri:0, instance:seleniumpackage1.SeleniumProject1.Login_To_Amazon_test@3e27ba32]" started-at="2024-10-03T19:25:28 EDT" name="launch" finished-at="2024-10-03T19:25:33 EDT" duration-ms="4921" status="PASS">
          <reporter-output>
          </reporter-output>
        </test-method> <!-- launch -->
        <test-method retried="true" signature="Login()[pri:0, instance:seleniumpackage1.SeleniumProject1.Login_To_Amazon_test@3e27ba32]" started-at="2024-10-03T19:25:33 EDT" name="Login" finished-at="2024-10-03T19:25:42 EDT" duration-ms="8806" status="SKIP">
          <exception class="java.lang.AssertionError">
            <message>
              <![CDATA[sorry expected [Amazon_login] but found [Online Shopping site in India: Shop Online for Mobiles, Books, Watches, Shoes and More - Amazon.in]]]>
            </message>
            <full-stacktrace>
              <![CDATA[java.lang.AssertionError: sorry expected [Amazon_login] but found [Online Shopping site in India: Shop Online for Mobiles, Books, Watches, Shoes and More - Amazon.in]
at org.testng.Assert.fail(Assert.java:111)
at org.testng.Assert.failNotEquals(Assert.java:1578)
at org.testng.Assert.assertEqualsImpl(Assert.java:150)
at org.testng.Assert.assertEquals(Assert.java:132)
at org.testng.Assert.assertEquals(Assert.java:656)
at seleniumpackage1.SeleniumProject1.Login_To_Amazon_test.Login(Login_To_Amazon_test.java:19)
at java.base/jdk.internal.reflect.DirectMethodHandleAccessor.invoke(DirectMethodHandleAccessor.java:103)
at java.base/java.lang.reflect.Method.invoke(Method.java:580)
at org.testng.internal.invokers.MethodInvocationHelper.invokeMethod(MethodInvocationHelper.java:139)
at org.testng.internal.invokers.TestInvoker.invokeMethod(TestInvoker.java:664)
at org.testng.internal.invokers.TestInvoker.invokeTestMethod(TestInvoker.java:227)
at org.testng.internal.invokers.MethodRunner.runInSequence(MethodRunner.java:50)
at org.testng.internal.invokers.TestInvoker$MethodInvocationAgent.invoke(TestInvoker.java:957)
at org.testng.internal.invokers.TestInvoker.invokeTestMethods(TestInvoker.java:200)
at org.testng.internal.invokers.TestMethodWorker.invokeTestMethods(TestMethodWorker.java:148)
at org.testng.internal.invokers.TestMethodWorker.run(TestMethodWorker.java:128)
at java.base/java.util.ArrayList.forEach(ArrayList.java:1597)
at org.testng.TestRunner.privateRun(TestRunner.java:848)
at org.testng.TestRunner.run(TestRunner.java:621)
at org.testng.SuiteRunner.runTest(SuiteRunner.java:443)
at org.testng.SuiteRunner.runSequentially(SuiteRunner.java:437)
at org.testng.SuiteRunner.privateRun(SuiteRunner.java:397)
at org.testng.SuiteRunner.run(SuiteRunner.java:336)
at org.testng.SuiteRunnerWorker.runSuite(SuiteRunnerWorker.java:52)
at org.testng.SuiteRunnerWorker.run(SuiteRunnerWorker.java:95)
at org.testng.TestNG.runSuitesSequentially(TestNG.java:1280)
at org.testng.TestNG.runSuitesLocally(TestNG.java:1200)
at org.testng.TestNG.runSuites(TestNG.java:1114)
at org.testng.TestNG.run(TestNG.java:1082)
at org.apache.maven.surefire.testng.TestNGExecutor.run(TestNGExecutor.java:324)
at org.apache.maven.surefire.testng.TestNGXmlTestSuite.execute(TestNGXmlTestSuite.java:74)
at org.apache.maven.surefire.testng.TestNGProvider.invoke(TestNGProvider.java:123)
at org.apache.maven.surefire.booter.ForkedBooter.runSuitesInProcess(ForkedBooter.java:456)
at org.apache.maven.surefire.booter.ForkedBooter.execute(ForkedBooter.java:169)
at org.apache.maven.surefire.booter.ForkedBooter.run(ForkedBooter.java:595)
at org.apache.maven.surefire.booter.ForkedBooter.main(ForkedBooter.java:581)
]]>
            </full-stacktrace>
          </exception> <!-- java.lang.AssertionError -->
          <reporter-output>
          </reporter-output>
        </test-method> <!-- Login -->
        <test-method is-config="true" signature="logout()[pri:0, instance:seleniumpackage1.SeleniumProject1.Login_To_Amazon_test@3e27ba32]" started-at="2024-10-03T19:25:42 EDT" name="logout" finished-at="2024-10-03T19:25:42 EDT" duration-ms="0" status="PASS">
          <reporter-output>
          </reporter-output>
        </test-method> <!-- logout -->
        <test-method is-config="true" signature="launch()[pri:0, instance:seleniumpackage1.SeleniumProject1.Login_To_Amazon_test@3e27ba32]" started-at="2024-10-03T19:25:42 EDT" name="launch" finished-at="2024-10-03T19:25:47 EDT" duration-ms="5057" status="PASS">
          <reporter-output>
          </reporter-output>
        </test-method> <!-- launch -->
        <test-method signature="Login()[pri:0, instance:seleniumpackage1.SeleniumProject1.Login_To_Amazon_test@3e27ba32]" started-at="2024-10-03T19:25:47 EDT" name="Login" finished-at="2024-10-03T19:25:56 EDT" duration-ms="8746" status="FAIL">
          <exception class="java.lang.AssertionError">
            <message>
              <![CDATA[sorry expected [Amazon_login] but found [Online Shopping site in India: Shop Online for Mobiles, Books, Watches, Shoes and More - Amazon.in]]]>
            </message>
            <full-stacktrace>
              <![CDATA[java.lang.AssertionError: sorry expected [Amazon_login] but found [Online Shopping site in India: Shop Online for Mobiles, Books, Watches, Shoes and More - Amazon.in]
at org.testng.Assert.fail(Assert.java:111)
at org.testng.Assert.failNotEquals(Assert.java:1578)
at org.testng.Assert.assertEqualsImpl(Assert.java:150)
at org.testng.Assert.assertEquals(Assert.java:132)
at org.testng.Assert.assertEquals(Assert.java:656)
at seleniumpackage1.SeleniumProject1.Login_To_Amazon_test.Login(Login_To_Amazon_test.java:19)
at java.base/jdk.internal.reflect.DirectMethodHandleAccessor.invoke(DirectMethodHandleAccessor.java:103)
at java.base/java.lang.reflect.Method.invoke(Method.java:580)
at org.testng.internal.invokers.MethodInvocationHelper.invokeMethod(MethodInvocationHelper.java:139)
at org.testng.internal.invokers.TestInvoker.invokeMethod(TestInvoker.java:664)
at org.testng.internal.invokers.TestInvoker.retryFailed(TestInvoker.java:248)
at org.testng.internal.invokers.MethodRunner.runInSequence(MethodRunner.java:62)
at org.testng.internal.invokers.TestInvoker$MethodInvocationAgent.invoke(TestInvoker.java:957)
at org.testng.internal.invokers.TestInvoker.invokeTestMethods(TestInvoker.java:200)
at org.testng.internal.invokers.TestMethodWorker.invokeTestMethods(TestMethodWorker.java:148)
at org.testng.internal.invokers.TestMethodWorker.run(TestMethodWorker.java:128)
at java.base/java.util.ArrayList.forEach(ArrayList.java:1597)
at org.testng.TestRunner.privateRun(TestRunner.java:848)
at org.testng.TestRunner.run(TestRunner.java:621)
at org.testng.SuiteRunner.runTest(SuiteRunner.java:443)
at org.testng.SuiteRunner.runSequentially(SuiteRunner.java:437)
at org.testng.SuiteRunner.privateRun(SuiteRunner.java:397)
at org.testng.SuiteRunner.run(SuiteRunner.java:336)
at org.testng.SuiteRunnerWorker.runSuite(SuiteRunnerWorker.java:52)
at org.testng.SuiteRunnerWorker.run(SuiteRunnerWorker.java:95)
at org.testng.TestNG.runSuitesSequentially(TestNG.java:1280)
at org.testng.TestNG.runSuitesLocally(TestNG.java:1200)
at org.testng.TestNG.runSuites(TestNG.java:1114)
at org.testng.TestNG.run(TestNG.java:1082)
at org.apache.maven.surefire.testng.TestNGExecutor.run(TestNGExecutor.java:324)
at org.apache.maven.surefire.testng.TestNGXmlTestSuite.execute(TestNGXmlTestSuite.java:74)
at org.apache.maven.surefire.testng.TestNGProvider.invoke(TestNGProvider.java:123)
at org.apache.maven.surefire.booter.ForkedBooter.runSuitesInProcess(ForkedBooter.java:456)
at org.apache.maven.surefire.booter.ForkedBooter.execute(ForkedBooter.java:169)
at org.apache.maven.surefire.booter.ForkedBooter.run(ForkedBooter.java:595)
at org.apache.maven.surefire.booter.ForkedBooter.main(ForkedBooter.java:581)
]]>
            </full-stacktrace>
          </exception> <!-- java.lang.AssertionError -->
          <reporter-output>
            <line>
              <![CDATA[Test case failed]]>
            </line>
          </reporter-output>
        </test-method> <!-- Login -->
        <test-method is-config="true" signature="logout()[pri:0, instance:seleniumpackage1.SeleniumProject1.Login_To_Amazon_test@3e27ba32]" started-at="2024-10-03T19:25:56 EDT" name="logout" finished-at="2024-10-03T19:25:56 EDT" duration-ms="1" status="PASS">
          <reporter-output>
          </reporter-output>
        </test-method> <!-- logout -->
      </class> <!-- seleniumpackage1.SeleniumProject1.Login_To_Amazon_test -->
    </test> <!-- Test -->
  </suite> <!-- Suite -->
</testng-results>
