<?xml version="1.0" encoding="UTF-8"?>
<testng-results retried="1" ignored="0" total="7" passed="5" failed="1" skipped="0">
  <reporter-output>
    <line>
      <![CDATA[Test case passed]]>
    </line>
    <line>
      <![CDATA[Test case passed]]>
    </line>
    <line>
      <![CDATA[Test case passed]]>
    </line>
    <line>
      <![CDATA[Test case failed]]>
    </line>
    <line>
      <![CDATA[Test case passed]]>
    </line>
    <line>
      <![CDATA[Test case passed]]>
    </line>
  </reporter-output>
  <suite started-at="2024-10-03T19:19:12 EDT" name="Suite" finished-at="2024-10-03T19:20:40 EDT" duration-ms="87850">
    <groups>
    </groups>
    <test started-at="2024-10-03T19:19:12 EDT" name="Test" finished-at="2024-10-03T19:20:40 EDT" duration-ms="87850">
      <class name="seleniumpackage1.SeleniumProject1.Registration_test">
        <test-method is-config="true" signature="launch()[pri:0, instance:seleniumpackage1.SeleniumProject1.Registration_test@76b1e9b8]" started-at="2024-10-03T19:19:13 EDT" name="launch" finished-at="2024-10-03T19:19:17 EDT" duration-ms="4624" status="PASS">
          <reporter-output>
          </reporter-output>
        </test-method> <!-- launch -->
        <test-method signature="New_User(java.lang.String,java.lang.String)[pri:0, instance:seleniumpackage1.SeleniumProject1.Registration_test@76b1e9b8]" started-at="2024-10-03T19:19:17 EDT" name="New_User" data-provider="inputs" finished-at="2024-10-03T19:19:19 EDT" duration-ms="1907" status="PASS">
          <params>
            <param index="0">
              <value>
                <![CDATA[9326623495]]>
              </value>
            </param>
            <param index="1">
              <value>
                <![CDATA[Amzpwd@10138789]]>
              </value>
            </param>
          </params>
          <reporter-output>
            <line>
              <![CDATA[Test case passed]]>
            </line>
          </reporter-output>
        </test-method> <!-- New_User -->
        <test-method is-config="true" signature="logout()[pri:0, instance:seleniumpackage1.SeleniumProject1.Registration_test@76b1e9b8]" started-at="2024-10-03T19:19:20 EDT" name="logout" finished-at="2024-10-03T19:19:20 EDT" duration-ms="0" status="PASS">
          <reporter-output>
          </reporter-output>
        </test-method> <!-- logout -->
        <test-method is-config="true" signature="launch()[pri:0, instance:seleniumpackage1.SeleniumProject1.Registration_test@76b1e9b8]" started-at="2024-10-03T19:19:20 EDT" name="launch" finished-at="2024-10-03T19:19:24 EDT" duration-ms="3874" status="PASS">
          <reporter-output>
          </reporter-output>
        </test-method> <!-- launch -->
        <test-method signature="New_User(java.lang.String,java.lang.String)[pri:0, instance:seleniumpackage1.SeleniumProject1.Registration_test@76b1e9b8]" started-at="2024-10-03T19:19:24 EDT" name="New_User" data-provider="inputs" finished-at="2024-10-03T19:19:26 EDT" duration-ms="2550" status="PASS">
          <params>
            <param index="0">
              <value>
                <![CDATA[9392661546]]>
              </value>
            </param>
            <param index="1">
              <value>
                <![CDATA[Abc]]>
              </value>
            </param>
          </params>
          <reporter-output>
            <line>
              <![CDATA[Test case passed]]>
            </line>
          </reporter-output>
        </test-method> <!-- New_User -->
        <test-method is-config="true" signature="logout()[pri:0, instance:seleniumpackage1.SeleniumProject1.Registration_test@76b1e9b8]" started-at="2024-10-03T19:19:26 EDT" name="logout" finished-at="2024-10-03T19:19:26 EDT" duration-ms="1" status="PASS">
          <reporter-output>
          </reporter-output>
        </test-method> <!-- logout -->
      </class> <!-- seleniumpackage1.SeleniumProject1.Registration_test -->
      <class name="seleniumpackage1.SeleniumProject1.SearchPage_test">
        <test-method is-config="true" signature="launch()[pri:0, instance:seleniumpackage1.SeleniumProject1.SearchPage_test@413d1baf]" started-at="2024-10-03T19:20:21 EDT" name="launch" finished-at="2024-10-03T19:20:26 EDT" duration-ms="4664" status="PASS">
          <reporter-output>
          </reporter-output>
        </test-method> <!-- launch -->
        <test-method signature="Search_Product()[pri:0, instance:seleniumpackage1.SeleniumProject1.SearchPage_test@413d1baf]" started-at="2024-10-03T19:20:26 EDT" name="Search_Product" finished-at="2024-10-03T19:20:39 EDT" duration-ms="13607" status="PASS">
          <reporter-output>
            <line>
              <![CDATA[Test case passed]]>
            </line>
          </reporter-output>
        </test-method> <!-- Search_Product -->
        <test-method is-config="true" signature="logout()[pri:0, instance:seleniumpackage1.SeleniumProject1.SearchPage_test@413d1baf]" started-at="2024-10-03T19:20:40 EDT" name="logout" finished-at="2024-10-03T19:20:40 EDT" duration-ms="0" status="PASS">
          <reporter-output>
          </reporter-output>
        </test-method> <!-- logout -->
      </class> <!-- seleniumpackage1.SeleniumProject1.SearchPage_test -->
      <class name="seleniumpackage1.SeleniumProject1.Edit_Profile_test">
        <test-method is-config="true" signature="launch()[pri:0, instance:seleniumpackage1.SeleniumProject1.Edit_Profile_test@6caf0677]" started-at="2024-10-03T19:19:58 EDT" name="launch" finished-at="2024-10-03T19:20:03 EDT" duration-ms="5072" status="PASS">
          <reporter-output>
          </reporter-output>
        </test-method> <!-- launch -->
        <test-method signature="Edit_Profile()[pri:0, instance:seleniumpackage1.SeleniumProject1.Edit_Profile_test@6caf0677]" started-at="2024-10-03T19:20:03 EDT" name="Edit_Profile" finished-at="2024-10-03T19:20:21 EDT" duration-ms="17798" status="PASS">
          <reporter-output>
            <line>
              <![CDATA[Test case passed]]>
            </line>
          </reporter-output>
        </test-method> <!-- Edit_Profile -->
        <test-method is-config="true" signature="logout()[pri:0, instance:seleniumpackage1.SeleniumProject1.Edit_Profile_test@6caf0677]" started-at="2024-10-03T19:20:21 EDT" name="logout" finished-at="2024-10-03T19:20:21 EDT" duration-ms="0" status="PASS">
          <reporter-output>
          </reporter-output>
        </test-method> <!-- logout -->
      </class> <!-- seleniumpackage1.SeleniumProject1.Edit_Profile_test -->
      <class name="seleniumpackage1.SeleniumProject1.Homepage_ClickSignin_Amazon">
        <test-method is-config="true" signature="launch()[pri:0, instance:seleniumpackage1.SeleniumProject1.Homepage_ClickSignin_Amazon@5b218417]" started-at="2024-10-03T19:19:26 EDT" name="launch" finished-at="2024-10-03T19:19:31 EDT" duration-ms="4290" status="PASS">
          <reporter-output>
          </reporter-output>
        </test-method> <!-- launch -->
        <test-method signature="Create_New_Account()[pri:0, instance:seleniumpackage1.SeleniumProject1.Homepage_ClickSignin_Amazon@5b218417]" started-at="2024-10-03T19:19:31 EDT" name="Create_New_Account" finished-at="2024-10-03T19:19:32 EDT" duration-ms="1569" status="PASS">
          <reporter-output>
            <line>
              <![CDATA[Test case passed]]>
            </line>
          </reporter-output>
        </test-method> <!-- Create_New_Account -->
        <test-method is-config="true" signature="logout()[pri:0, instance:seleniumpackage1.SeleniumProject1.Homepage_ClickSignin_Amazon@5b218417]" started-at="2024-10-03T19:19:32 EDT" name="logout" finished-at="2024-10-03T19:19:32 EDT" duration-ms="1" status="PASS">
          <reporter-output>
          </reporter-output>
        </test-method> <!-- logout -->
      </class> <!-- seleniumpackage1.SeleniumProject1.Homepage_ClickSignin_Amazon -->
      <class name="seleniumpackage1.SeleniumProject1.Login_To_Amazon_test">
        <test-method is-config="true" signature="launch()[pri:0, instance:seleniumpackage1.SeleniumProject1.Login_To_Amazon_test@645aa696]" started-at="2024-10-03T19:19:32 EDT" name="launch" finished-at="2024-10-03T19:19:37 EDT" duration-ms="4503" status="PASS">
          <reporter-output>
          </reporter-output>
        </test-method> <!-- launch -->
        <test-method retried="true" signature="Login()[pri:0, instance:seleniumpackage1.SeleniumProject1.Login_To_Amazon_test@645aa696]" started-at="2024-10-03T19:19:37 EDT" name="Login" finished-at="2024-10-03T19:19:44 EDT" duration-ms="7093" status="SKIP">
          <exception class="java.lang.AssertionError">
            <message>
              <![CDATA[sorry expected [Amazon_login] but found [Online Shopping site in India: Shop Online for Mobiles, Books, Watches, Shoes and More - Amazon.in]]]>
            </message>
            <full-stacktrace>
              <![CDATA[java.lang.AssertionError: sorry expected [Amazon_login] but found [Online Shopping site in India: Shop Online for Mobiles, Books, Watches, Shoes and More - Amazon.in]
at org.testng.Assert.fail(Assert.java:99)
at org.testng.Assert.failNotEquals(Assert.java:1037)
at org.testng.Assert.assertEqualsImpl(Assert.java:140)
at org.testng.Assert.assertEquals(Assert.java:122)
at org.testng.Assert.assertEquals(Assert.java:629)
at seleniumpackage1.SeleniumProject1.Login_To_Amazon_test.Login(Login_To_Amazon_test.java:19)
at java.base/jdk.internal.reflect.DirectMethodHandleAccessor.invoke(DirectMethodHandleAccessor.java:103)
at java.base/java.lang.reflect.Method.invoke(Method.java:580)
at org.testng.internal.MethodInvocationHelper.invokeMethod(MethodInvocationHelper.java:133)
at org.testng.internal.TestInvoker.invokeMethod(TestInvoker.java:598)
at org.testng.internal.TestInvoker.invokeTestMethod(TestInvoker.java:173)
at org.testng.internal.MethodRunner.runInSequence(MethodRunner.java:46)
at org.testng.internal.TestInvoker$MethodInvocationAgent.invoke(TestInvoker.java:824)
at org.testng.internal.TestInvoker.invokeTestMethods(TestInvoker.java:146)
at org.testng.internal.TestMethodWorker.invokeTestMethods(TestMethodWorker.java:146)
at org.testng.internal.TestMethodWorker.run(TestMethodWorker.java:128)
at java.base/java.util.ArrayList.forEach(ArrayList.java:1597)
at org.testng.TestRunner.privateRun(TestRunner.java:794)
at org.testng.TestRunner.run(TestRunner.java:596)
at org.testng.SuiteRunner.runTest(SuiteRunner.java:377)
at org.testng.SuiteRunner.runSequentially(SuiteRunner.java:371)
at org.testng.SuiteRunner.privateRun(SuiteRunner.java:332)
at org.testng.SuiteRunner.run(SuiteRunner.java:276)
at org.testng.SuiteRunnerWorker.runSuite(SuiteRunnerWorker.java:53)
at org.testng.SuiteRunnerWorker.run(SuiteRunnerWorker.java:96)
at org.testng.TestNG.runSuitesSequentially(TestNG.java:1212)
at org.testng.TestNG.runSuitesLocally(TestNG.java:1134)
at org.testng.TestNG.runSuites(TestNG.java:1063)
at org.testng.TestNG.run(TestNG.java:1031)
at org.testng.remote.AbstractRemoteTestNG.run(AbstractRemoteTestNG.java:115)
at org.testng.remote.RemoteTestNG.initAndRun(RemoteTestNG.java:293)
at org.testng.remote.RemoteTestNG.main(RemoteTestNG.java:91)
]]>
            </full-stacktrace>
          </exception> <!-- java.lang.AssertionError -->
          <reporter-output>
          </reporter-output>
        </test-method> <!-- Login -->
        <test-method is-config="true" signature="logout()[pri:0, instance:seleniumpackage1.SeleniumProject1.Login_To_Amazon_test@645aa696]" started-at="2024-10-03T19:19:44 EDT" name="logout" finished-at="2024-10-03T19:19:44 EDT" duration-ms="1" status="PASS">
          <reporter-output>
          </reporter-output>
        </test-method> <!-- logout -->
        <test-method is-config="true" signature="launch()[pri:0, instance:seleniumpackage1.SeleniumProject1.Login_To_Amazon_test@645aa696]" started-at="2024-10-03T19:19:44 EDT" name="launch" finished-at="2024-10-03T19:19:49 EDT" duration-ms="5251" status="PASS">
          <reporter-output>
          </reporter-output>
        </test-method> <!-- launch -->
        <test-method signature="Login()[pri:0, instance:seleniumpackage1.SeleniumProject1.Login_To_Amazon_test@645aa696]" started-at="2024-10-03T19:19:49 EDT" name="Login" finished-at="2024-10-03T19:19:57 EDT" duration-ms="7959" status="FAIL">
          <exception class="java.lang.AssertionError">
            <message>
              <![CDATA[sorry expected [Amazon_login] but found [Online Shopping site in India: Shop Online for Mobiles, Books, Watches, Shoes and More - Amazon.in]]]>
            </message>
            <full-stacktrace>
              <![CDATA[java.lang.AssertionError: sorry expected [Amazon_login] but found [Online Shopping site in India: Shop Online for Mobiles, Books, Watches, Shoes and More - Amazon.in]
at org.testng.Assert.fail(Assert.java:99)
at org.testng.Assert.failNotEquals(Assert.java:1037)
at org.testng.Assert.assertEqualsImpl(Assert.java:140)
at org.testng.Assert.assertEquals(Assert.java:122)
at org.testng.Assert.assertEquals(Assert.java:629)
at seleniumpackage1.SeleniumProject1.Login_To_Amazon_test.Login(Login_To_Amazon_test.java:19)
at java.base/jdk.internal.reflect.DirectMethodHandleAccessor.invoke(DirectMethodHandleAccessor.java:103)
at java.base/java.lang.reflect.Method.invoke(Method.java:580)
at org.testng.internal.MethodInvocationHelper.invokeMethod(MethodInvocationHelper.java:133)
at org.testng.internal.TestInvoker.invokeMethod(TestInvoker.java:598)
at org.testng.internal.TestInvoker.retryFailed(TestInvoker.java:213)
at org.testng.internal.MethodRunner.runInSequence(MethodRunner.java:58)
at org.testng.internal.TestInvoker$MethodInvocationAgent.invoke(TestInvoker.java:824)
at org.testng.internal.TestInvoker.invokeTestMethods(TestInvoker.java:146)
at org.testng.internal.TestMethodWorker.invokeTestMethods(TestMethodWorker.java:146)
at org.testng.internal.TestMethodWorker.run(TestMethodWorker.java:128)
at java.base/java.util.ArrayList.forEach(ArrayList.java:1597)
at org.testng.TestRunner.privateRun(TestRunner.java:794)
at org.testng.TestRunner.run(TestRunner.java:596)
at org.testng.SuiteRunner.runTest(SuiteRunner.java:377)
at org.testng.SuiteRunner.runSequentially(SuiteRunner.java:371)
at org.testng.SuiteRunner.privateRun(SuiteRunner.java:332)
at org.testng.SuiteRunner.run(SuiteRunner.java:276)
at org.testng.SuiteRunnerWorker.runSuite(SuiteRunnerWorker.java:53)
at org.testng.SuiteRunnerWorker.run(SuiteRunnerWorker.java:96)
at org.testng.TestNG.runSuitesSequentially(TestNG.java:1212)
at org.testng.TestNG.runSuitesLocally(TestNG.java:1134)
at org.testng.TestNG.runSuites(TestNG.java:1063)
at org.testng.TestNG.run(TestNG.java:1031)
at org.testng.remote.AbstractRemoteTestNG.run(AbstractRemoteTestNG.java:115)
at org.testng.remote.RemoteTestNG.initAndRun(RemoteTestNG.java:293)
at org.testng.remote.RemoteTestNG.main(RemoteTestNG.java:91)
]]>
            </full-stacktrace>
          </exception> <!-- java.lang.AssertionError -->
          <reporter-output>
            <line>
              <![CDATA[Test case failed]]>
            </line>
          </reporter-output>
        </test-method> <!-- Login -->
        <test-method is-config="true" signature="logout()[pri:0, instance:seleniumpackage1.SeleniumProject1.Login_To_Amazon_test@645aa696]" started-at="2024-10-03T19:19:58 EDT" name="logout" finished-at="2024-10-03T19:19:58 EDT" duration-ms="1" status="PASS">
          <reporter-output>
          </reporter-output>
        </test-method> <!-- logout -->
      </class> <!-- seleniumpackage1.SeleniumProject1.Login_To_Amazon_test -->
    </test> <!-- Test -->
  </suite> <!-- Suite -->
</testng-results>
